<?xml version="1.0" encoding="UTF-8"?>
<!-- Generated by org.testng.reporters.JUnitReportReporter -->
<testsuite skipped="0" hostname="SATWIKs-Air" name="com.Test.Base.Base" tests="1" failures="0" timestamp="21 Nov 2017 18:26:24 GMT" time="7.642" errors="0">
  <testcase name="launchApp" time="7.642" classname="com.Test.Base.Base"/>
</testsuite> <!-- com.Test.Base.Base -->
