<?xml version="1.0" encoding="UTF-8"?>
<!-- Generated by org.testng.reporters.JUnitReportReporter -->
<testsuite skipped="0" hostname="SATWIKs-MacBook-Air.local" name="com.Automation.Script.Login_Logout" tests="1" failures="0" timestamp="17 Feb 2018 15:13:21 GMT" time="3.354" errors="0">
  <testcase name="loginLogout" time="3.354" classname="com.Automation.Script.Login_Logout"/>
</testsuite> <!-- com.Automation.Script.Login_Logout -->
