<?xml version="1.0" encoding="UTF-8"?>
<!-- Generated by org.testng.reporters.JUnitReportReporter -->
<testsuite skipped="0" hostname="SATWIKs-MacBook-Air.local" name="com.Automation.Script.Registration" tests="1" failures="0" timestamp="17 Feb 2018 15:13:16 GMT" time="11.364" errors="0">
  <testcase name="registrationmethod" time="11.364" classname="com.Automation.Script.Registration"/>
</testsuite> <!-- com.Automation.Script.Registration -->
